0:100  0:100  MemLog inited, TSC freq: 1895616192
0:100  0:000  LegacyRegion2: Chipset/proc: 0x0A048086
0:100  0:000   Next Generation Core processors (PAM 0x80-0x86)
0:100  0:000   Test PAM1=(0x41=90, 0x5a=10, 0x81=11, 0x91=00) at chipset 0A048086
0:100  0:000  , Install = Success
0:114  0:014  BiosVideoDriverBindingStart!
0:114  0:000  BiosVideoCheckForVbe
0:114  0:000  EdidOverride not found
0:118  0:004   Edid1+
0:118  0:000   found Detail Timing 1366x768
0:118  0:000   found Detail Timing 1366x768
0:118  0:000  timing string after 0xFE:93V4H€140AT
 
0:122  0:003   Edid0+
0:122  0:000   found Detail Timing 1366x768
0:122  0:000  ... already present
0:122  0:000   found Detail Timing 1366x768
0:122  0:000  ... already present
0:122  0:000  timing string after 0xFE:93V4H€140AT
 
0:122  0:000     0 1024x768 attr=9B - ok, edid-, 1024x768, working, highest, pref=0
0:122  0:000     1 640x480 attr=9B - ok, edid-, 640x480, working
0:122  0:000     2 800x600 attr=9B - ok, edid-, 800x600, working
0:123  0:000     3 1366x768 attr=9B - ok, edid+, working, highest, pref=3
0:123  0:000  BV new mode: 3 1366x768
0:288  0:165   SetMode pref 3 (3) = Success
2:211  1:923  
2:211  0:000  Now is 18.3.2017,  13:37:11 (GMT)
2:211  0:000  Starting Clover revision: 4035 on CLOVER EFI
2:211  0:000  Build with: [Args: -D NO_GRUB_DRIVERS_EMBEDDED | -D NO_GRUB_DRIVERS_EMBEDDED -D USE_LOW_EBDA -a X64 -b RELEASE -t XCODE5 -n 5 | OS: 10.12.4 | XCODE: 8.2.1]
2:211  0:000  SelfDevicePath=PcieRoot(0x0)\Pci(0x1D,0x0)\USB(0x0,0x0)\USB(0x2,0x0)\HD(1,GPT,E8A62D16-B875-4C7D-9612-E608F0C12D14,0x28,0x64000) @CE8A2C98
2:211  0:000  SelfDirPath = \EFI\CLOVER
2:211  0:000  === [ Get Smbios ] ========================================
2:211  0:000  Type 16 Index = 0
2:211  0:000  Total Memory Slots Count = 2
2:211  0:000  Type 17 Index = 0
2:211  0:000  SmbiosTable.Type17->Speed = 1600MHz
2:211  0:000  SmbiosTable.Type17->Size = 4096MB
2:211  0:000  SmbiosTable.Type17->Bank/Device =  DIMM A
2:211  0:000  SmbiosTable.Type17->Vendor = Hynix/Hyundai
2:211  0:000  SmbiosTable.Type17->SerialNumber = CA83A19A
2:211  0:000  SmbiosTable.Type17->PartNumber = HMT451S6BFR8A-PB  
2:211  0:000  Type 17 Index = 1
2:211  0:000  Ignoring insane frequency value 0MHz
2:211  0:000  SmbiosTable.Type17->Speed = 0MHz
2:211  0:000  SmbiosTable.Type17->Size = 0MB
2:211  0:000  SmbiosTable.Type17->Bank/Device =  DIMM B
2:211  0:000  SmbiosTable.Type17->Vendor = <null string>
2:211  0:000  SmbiosTable.Type17->SerialNumber = <null string>
2:211  0:000  SmbiosTable.Type17->PartNumber = <null string>
2:211  0:000  Boot status=0
2:211  0:000  Running on: 'Latitude E5440' with board '0XFRKC'
2:211  0:000  === [ GetCPUProperties ] ==================================
2:211  0:000  CPU Vendor = 756E6547 Model=40651
2:211  0:000   The CPU supported SSE4.1
2:211  0:000  The CPU supported turbo
2:211  0:000  BrandString = Intel(R) Core(TM) i3-4030U CPU @ 1.90GHz
2:211  0:000  MSR 0xE2 before patch 1E008408
2:211  0:000  MSR 0xE2 is locked, PM patches will be turned on
2:211  0:000  MSR 0xCE              0008083B_F3011300
2:211  0:000  MSR 0x1A0             00850089
2:211  0:000  corrected FLEX_RATIO = 0
2:211  0:000  MSR 0x1B0             00000000
2:211  0:000  FSBFrequency=100MHz DMIvalue=100000kHz
2:211  0:000  Corrected FSBFrequency=100MHz
2:211  0:000  MaxDiv/MinDiv: 19.0/8
2:211  0:000  Turbo: 19/19/19/19
2:211  0:000  Features: 0xBFEBFBFF
2:211  0:000  Threads: 4
2:211  0:000  Cores: 2
2:212  0:000  FSB: 100 MHz
2:212  0:000  CPU: 1900 MHz
2:212  0:000  TSC: 1900 MHz
2:212  0:000  PIS: 400 MHz
2:212  0:000  === [ GetDevices ] ========================================
2:212  0:000  PCI (00|00:00.00) : 8086 0A04 class=060000
2:212  0:000  PCI (00|00:02.00) : 8086 0A16 class=030000
2:212  0:000   - GFX: Model=Intel HD Graphics 4400 (Intel)
2:212  0:000  PCI (00|00:03.00) : 8086 0A0C class=040300
2:212  0:000  PCI (00|00:14.00) : 8086 9C31 class=0C0330
2:212  0:000  PCI (00|00:16.00) : 8086 9C3A class=078000
2:212  0:000  PCI (00|00:19.00) : 8086 155A class=020000
2:212  0:000   - LAN: 0 Vendor=Intel
2:212  0:000  PCI (00|00:1B.00) : 8086 9C20 class=040300
2:212  0:000  PCI (00|00:1C.00) : 8086 9C10 class=060400
2:213  0:001  PCI (00|01:00.00) : 1217 8520 class=080501
2:213  0:000  PCI (00|00:1C.03) : 8086 9C16 class=060400
2:214  0:000  PCI (00|02:00.00) : 168C 0032 class=028000
2:214  0:000   - WIFI: Vendor=Atheros
2:214  0:000  PCI (00|00:1C.04) : 8086 9C18 class=060400
2:214  0:000  PCI (00|00:1D.00) : 8086 9C26 class=0C0320
2:214  0:000  PCI (00|00:1F.00) : 8086 9C43 class=060100
2:214  0:000  PCI (00|00:1F.02) : 8086 282A class=010400
2:214  0:000  PCI (00|00:1F.03) : 8086 9C22 class=0C0500
2:214  0:000  === [ GetDefaultSettings ] ================================
2:214  0:000  Clover load options size = 0 bytes
2:256  0:042  EFI\CLOVER\config.plist loaded: Success
2:256  0:000  === [ GetListOfThemes ] ===================================
2:270  0:013  - [00]: embedded
2:296  0:026  - [00]: random
2:326  0:029  - [00]: BGM
2:414  0:087  === [ Found config plists ] ===============================
2:414  0:000  - config.plist
2:427  0:013  === [ GetEarlyUserSettings ] ==============================
2:427  0:000  timeout set to 5
2:427  0:000  Custom boot CUSTOM_BOOT_DISABLED (0x0)
2:427  0:000  ForceKextsToLoad: 1 requested
2:427  0:000   - [0]: System\Library\Extensions\IONetworkingFamily.kext
2:427  0:000  KextsToPatch: 16 requested
2:427  0:000   - [00]: com.apple.driver.AppleIntelFramebufferAzul (Enable 9MB cursor bytes, 0x0a260006) :: BinPatch :: data len: 20
2:427  0:000   - [01]: com.apple.driver.AppleIntelFramebufferAzul (Enable 96MB DVMT-prealloc, 0x0a2e0008) :: BinPatch :: data len: 12
2:427  0:000   - patch disabled at config
2:427  0:000   - [02]: com.apple.driver.AppleIntelFramebufferAzul (Enable 128MB DVMT-prealloc, 0x0a2e0008) :: BinPatch :: data len: 12
2:427  0:000   - patch disabled at config
2:427  0:000   - [03]: com.apple.driver.AppleIntelFramebufferAzul (Enable 128MB DVMT-prealloc, 48MB framebuffer, 48MB cursor bytes, 0x0a260006) :: BinPatch :: data len: 20
2:427  0:000   - patch disabled at config
2:427  0:000   - [04]: com.apple.driver.AppleIntelFramebufferAzul (HDMI-audio, port 0105, 0x0a260005 0x0a260006, 0x0d220003, 0x0a2e000a, 0x0a26000a) :: BinPatch :: data len: 12
2:427  0:000   - patch disabled at config
2:427  0:000   - [05]: com.apple.driver.AppleIntelFramebufferAzul (HDMI-audio, port 0204, 0x0d220003, 0x0a2e000a, 0x0a26000a) :: BinPatch :: data len: 12
2:427  0:000   - patch disabled at config
2:427  0:000   - [06]: com.apple.driver.AppleIntelFramebufferAzul (HDMI-audio, port 0204, 0x0a260005 0x0a260006) :: BinPatch :: data len: 12
2:427  0:000   - patch disabled at config
2:427  0:000   - [07]: com.apple.driver.AppleIntelFramebufferAzul (HDMI-audio, port 0105, 0x0a2e0008, 0x0a16000c, 0x0a2e000d, 0x0a26000d) :: BinPatch :: data len: 12
2:427  0:000   - patch disabled at config
2:427  0:000   - [08]: com.apple.driver.AppleIntelFramebufferAzul (HDMI-audio, port 0204, 0x0a2e0008, 0x0a16000c, 0x0a2e000d, 0x0a26000d) :: BinPatch :: data len: 12
2:427  0:000   - patch disabled at config
2:427  0:000   - [09]: com.apple.driver.AppleIntelFramebufferAzul (Enable internal display after sleep for 0x0a2e0008, credit syscl/lighting/Yating Zhou) :: BinPatch :: data len: 16
2:427  0:000   - patch disabled at config
2:427  0:000   - [10]: AppleIntelFramebufferAzul (Enable internal display after sleep for 0x0a2e000a, 0x0a26000a) :: BinPatch :: data len: 16
2:427  0:000   - patch disabled at config
2:427  0:000   - [11]: com.apple.driver.AppleIntelFramebufferAzul (HDMI-audio, port 0105(12), 0x0a260005 0x0a260006, 0x0d220003, 0x0a2e000a, 0x0a26000a) :: BinPatch :: data len: 12
2:427  0:000   - patch disabled at config
2:427  0:000   - [12]: com.apple.driver.AppleIntelFramebufferAzul (HDMI-audio, port 0204(12), 0x0d220003, 0x0a2e000a, 0x0a26000a) :: BinPatch :: data len: 12
2:427  0:000   - patch disabled at config
2:427  0:000   - [13]: com.apple.driver.AppleIntelFramebufferAzul (HDMI-audio, port 0204(12), 0x0a260005 0x0a260006) :: BinPatch :: data len: 12
2:427  0:000   - patch disabled at config
2:427  0:000   - [14]: com.apple.driver.AppleIntelFramebufferAzul (HDMI-audio, port 0105(12), 0x0a2e0008, 0x0a16000c, 0x0a2e000d, 0x0a26000d) :: BinPatch :: data len: 12
2:427  0:000   - patch disabled at config
2:427  0:000   - [15]: com.apple.driver.AppleIntelFramebufferAzul (HDMI-audio, port 0204(12), 0x0a2e0008, 0x0a16000c, 0x0a2e000d, 0x0a26000d) :: BinPatch :: data len: 12
2:427  0:000   - patch disabled at config
2:427  0:000  Default theme: BGM
2:428  0:000  ** Warning: unknown custom entry Type 'Other'
2:428  0:000  === [ LoadDrivers ] =======================================
2:441  0:013  Loading AppleImageCodec-64.efi  status=Success
2:455  0:014  Loading AppleKeyAggregator-64.efi  status=Success
2:455  0:000  Loading AppleUITheme-64.efi  status=Success
2:455  0:000  Loading FirmwareVolume-64.efi  status=Success
2:469  0:013  Loading FSInject-64.efi  status=Success
2:483  0:013  Loading SMCHelper-64.efi  status=Success
2:498  0:014  Loading HFSPlus-64.efi  status=Success
2:498  0:000   - driver needs connecting
2:498  0:000  1 drivers needs connecting ...
2:498  0:000  PlatformDriverOverrideProtocol->GetDriver overriden
2:498  0:000  HFS+ driver loaded
2:757  0:259  === [ InitScreen ] ========================================
2:757  0:000  Console modes reported: 4, available modes:
2:757  0:000   - [01]: 80x25
2:757  0:000   - [03]: 100x31
2:757  0:000   - [04]: 170x40 (current mode)
2:757  0:000  SetScreenResolution: 1366x768 - already set
2:757  0:000  reinit: self device path=PcieRoot(0x0)\Pci(0x1D,0x0)\USB(0x0,0x0)\USB(0x2,0x0)\HD(1,GPT,E8A62D16-B875-4C7D-9612-E608F0C12D14,0x28,0x64000)
2:758  0:000  Using embedded font: Success
2:759  0:001  === [ GetMacAddress ] =====================================
2:759  0:000  === [ ScanSPD ] ===========================================
2:761  0:002  SMBus device : 8086 9C22 class=0C0500 status=Success
2:761  0:000  SMBus CmdReg: 0x3
2:761  0:000  Scanning SMBus [8086:9C22], mmio: 0xF7C39004, ioport: 0xF040, hostc: 0x11
2:761  0:000  Slots to scan [8]...
2:762  0:000  SPD[0]: Type 11 @0x50
2:780  0:018  Not using XMP because it is not present
2:780  0:000  DDR speed 1600MHz
2:780  0:000  Slot: 0 Type 24 4096MB 1600MHz Vendor=Hynix Semiconductor PartNo=HMT451S6BFR8A-PBN0 SerialNo=010A020108030C0A
2:781  0:000  === [ GetAcpiTablesList ] =================================
2:783  0:001  Get Acpi Tables List from RSDT:
2:783  0:000   - [00]: FACP  CBX3    len=132
2:783  0:000   - [01]: APIC  CBX3    len=114
2:783  0:000   - [02]: FPDT  CBX3    len=68
2:783  0:000   - [03]: SLIC  CBX3    len=374
2:783  0:000   - [04]: LPIT  CBX3    len=92
2:783  0:000   - [05]: SSDT  sensrhub len=552
2:783  0:000   - [06]: SSDT  zpoddult len=289
2:783  0:000   - [07]: SSDT  Cpu0Ist len=1245
2:783  0:000   - [08]: SSDT  CpuPm len=2776
2:783  0:000   - [09]: HPET  CBX3    len=56
2:783  0:000   - [10]: SSDT  SataTabl len=1109
2:783  0:000   - [11]: MCFG  CBX3    len=60
2:783  0:000   - [12]: ASF!   HCG len=165
2:783  0:000   - [13]: DMAR  HSW  len=320
2:783  0:000  Calibrated TSC frequency =1895616192 =1895MHz
2:784  0:000  === [ GetUserSettings ] ===================================
2:784  0:000  USB FixOwnership: yes
2:784  0:000  Dropping 2 tables:
2:784  0:000   - [00]: Drop table  signature="#MCF" (46434D23)
2:784  0:000           - set table: 46434D23,                0 to drop: no
2:784  0:000   - [01]: Drop table  signature="DMAR" (52414D44)
2:784  0:000           - set table: 52414D44,                0 to drop: yes
2:784  0:000   - final DSDT Fix mask=00000000
2:784  0:000  PatchesDSDT: 3 requested
2:784  0:000   - [00]: (change _OSI to XOSI) lenToFind: 4, lenToReplace: 4
2:784  0:000    patch disabled at config
2:784  0:000   - [01]: (change EHC1 to EH01) lenToFind: 4, lenToReplace: 4
2:784  0:000   - [02]: (change EHC2 to EH02) lenToFind: 4, lenToReplace: 4
2:784  0:000  PluginType: 1
2:785  0:000  === [ ScanVolumes ] =======================================
2:785  0:000  Found 8 volumes with blockIO
2:785  0:000  - [00]: Volume: PcieRoot(0x0)\Pci(0x1F,0x2)\Sata(0x1,0x0,0x0)
2:785  0:000          Result of bootcode detection: bootable unknown (legacy)
2:785  0:000  - [01]: Volume: PcieRoot(0x0)\Pci(0x1F,0x2)\Sata(0x2,0x0,0x0)
2:785  0:000          Found optical drive
2:785  0:000  - [02]: Volume: PcieRoot(0x0)\Pci(0x1F,0x2)\Sata(0x1,0x0,0x0)\HD(1,MBR,0x05C49DFF,0x800,0xFA000)
2:785  0:000          Result of bootcode detection: bootable Windows (vista,win)
2:785  0:000  - [03]: Volume: PcieRoot(0x0)\Pci(0x1F,0x2)\Sata(0x1,0x0,0x0)\HD(2,MBR,0x05C49DFF,0xFA800,0x200000)
2:786  0:000          Result of bootcode detection: bootable Windows (vista,win)
2:786  0:000  - [04]: Volume: PcieRoot(0x0)\Pci(0x1F,0x2)\Sata(0x1,0x0,0x0)\HD(3,MBR,0x05C49DFF,0x2FA800,0x3288A000)
2:800  0:014          Result of bootcode detection: bootable Windows (vista,win)
2:800  0:000  - [05]: Volume: PcieRoot(0x0)\Pci(0x1D,0x0)\USB(0x0,0x0)\USB(0x2,0x0)
2:812  0:011          Result of bootcode detection: bootable unknown (legacy)
2:812  0:000          USB volume
2:812  0:000          USB volume
2:812  0:000  - [06]: Volume: PcieRoot(0x0)\Pci(0x1D,0x0)\USB(0x0,0x0)\USB(0x2,0x0)\HD(1,GPT,E8A62D16-B875-4C7D-9612-E608F0C12D14,0x28,0x64000)
2:823  0:011          Result of bootcode detection: bootable Clover (clover)
2:823  0:000          USB volume
2:823  0:000          USB volume
2:838  0:014          This is SelfVolume !!
2:838  0:000  - [07]: Volume: PcieRoot(0x0)\Pci(0x1D,0x0)\USB(0x0,0x0)\USB(0x2,0x0)\HD(2,GPT,4AD3BC04-D603-406C-AC8F-AAC574ECBC18,0x64028,0x1C797B0)
2:849  0:011          USB volume
2:849  0:000          USB volume
2:861  0:011  PutNvramPlistToRtVars: nvram.plist not found
2:861  0:000  === [ InitTheme ] =========================================
2:862  0:001  Using theme 'BGM' (EFI\CLOVER\themes\BGM)
2:862  0:000  OS main and drive as badge
2:877  0:015  Loading font from ThemeDir: Success
2:878  0:000  Choosing theme BGM
2:878  0:000  after NVRAM boot-args=kext-dev-mode=1 dart=0 nv_disable=1
2:878  0:000  === [ Dump SMC keys from NVRAM ] ==========================
2:878  0:000  found AppleSMC protocol
2:878  0:000  === [ AddCustomEntries ] ==================================
2:878  0:000  Custom entry 0 skipped because it is disabled.
2:878  0:000  === [ ScanLoader ] ========================================
2:878  0:000  - [06]: 'EFI'
3:093  0:215  - [07]: 'Pandora Installer'
3:117  0:023          AddLoaderEntry for Volume Name=Pandora Installer
3:117  0:000      Not match custom entry 0: Type: not match
3:163  0:046      hibernated: set as never
3:175  0:011  Scanning legacy ...
3:175  0:000   2: 'Legacy HD1' (vista,win) add legacy
3:176  0:001   added 'Boot Windows from Legacy HD1' OSType=2 Icon=vista,win
3:176  0:000   3: 'Legacy HD2' (vista,win) add legacy
3:177  0:000   added 'Boot Windows from Legacy HD2' OSType=2 Icon=vista,win
3:177  0:000   4: 'Legacy HD3' (vista,win) add legacy
3:178  0:000   added 'Boot Windows from Legacy HD3' OSType=2 Icon=vista,win
3:178  0:000   6: 'EFI' (clover) add legacy
3:178  0:000   added 'Boot Clover from EFI' OSType=3 Icon=clover
3:178  0:000  === [ AddCustomTool ] =====================================
3:193  0:014  found tool \EFI\CLOVER\tools\Shell64U.efi
3:193  0:000  Checking EFI partition Volume 6 for Clover
3:193  0:000   Found Clover
3:209  0:015  === [ GetEfiBootDeviceFromNvram ] =========================
3:209  0:000  Default boot entry not found
3:209  0:000  DefaultIndex=-1 and MainMenu.EntryCount=11
3:803  0:594  GUI ready
22:016  18:213  EDITED: -v kext-dev-mode=1 dart=0 nv_disable=1 
24:295  2:278  ReinitSelfLib after theme change
24:295  0:000  reinit: self device path=PcieRoot(0x0)\Pci(0x1D,0x0)\USB(0x0,0x0)\USB(0x2,0x0)\HD(1,GPT,E8A62D16-B875-4C7D-9612-E608F0C12D14,0x28,0x64000)
24:295  0:000  === [ ScanVolumes ] =======================================
24:295  0:000  Found 8 volumes with blockIO
24:295  0:000  - [00]: Volume: PcieRoot(0x0)\Pci(0x1F,0x2)\Sata(0x1,0x0,0x0)
24:299  0:003          Result of bootcode detection: bootable unknown (legacy)
24:299  0:000  - [01]: Volume: PcieRoot(0x0)\Pci(0x1F,0x2)\Sata(0x2,0x0,0x0)
24:299  0:000          Found optical drive
24:299  0:000  - [02]: Volume: PcieRoot(0x0)\Pci(0x1F,0x2)\Sata(0x1,0x0,0x0)\HD(1,MBR,0x05C49DFF,0x800,0xFA000)
24:630  0:331          Result of bootcode detection: bootable Windows (vista,win)
24:630  0:000  - [03]: Volume: PcieRoot(0x0)\Pci(0x1F,0x2)\Sata(0x1,0x0,0x0)\HD(2,MBR,0x05C49DFF,0xFA800,0x200000)
24:640  0:009          Result of bootcode detection: bootable Windows (vista,win)
24:640  0:000  - [04]: Volume: PcieRoot(0x0)\Pci(0x1F,0x2)\Sata(0x1,0x0,0x0)\HD(3,MBR,0x05C49DFF,0x2FA800,0x3288A000)
24:640  0:000          Result of bootcode detection: bootable Windows (vista,win)
24:640  0:000  - [05]: Volume: PcieRoot(0x0)\Pci(0x1D,0x0)\USB(0x0,0x0)\USB(0x2,0x0)
24:652  0:011          Result of bootcode detection: bootable unknown (legacy)
24:652  0:000          USB volume
24:652  0:000          USB volume
24:652  0:000  - [06]: Volume: PcieRoot(0x0)\Pci(0x1D,0x0)\USB(0x0,0x0)\USB(0x2,0x0)\HD(1,GPT,E8A62D16-B875-4C7D-9612-E608F0C12D14,0x28,0x64000)
24:663  0:011          Result of bootcode detection: bootable Clover (clover)
24:663  0:000          USB volume
24:663  0:000          USB volume
24:663  0:000          This is SelfVolume !!
24:663  0:000  - [07]: Volume: PcieRoot(0x0)\Pci(0x1D,0x0)\USB(0x0,0x0)\USB(0x2,0x0)\HD(2,GPT,4AD3BC04-D603-406C-AC8F-AAC574ECBC18,0x64028,0x1C797B0)
24:674  0:011          USB volume
24:674  0:000          USB volume
24:674  0:000  Choosing theme BGM
24:674  0:000  after NVRAM boot-args=-v kext-dev-mode=1 dart=0 nv_disable=1  
24:675  0:000  === [ AddCustomEntries ] ==================================
24:675  0:000  Custom entry 0 skipped because it is disabled.
24:675  0:000  === [ ScanLoader ] ========================================
24:675  0:000  - [06]: 'EFI'
24:764  0:089  - [07]: 'Pandora Installer'
24:764  0:000          AddLoaderEntry for Volume Name=Pandora Installer
24:764  0:000      Not match custom entry 0: Type: not match
24:764  0:000      hibernated: set as never
24:775  0:010  Scanning legacy ...
24:775  0:000   2: 'Legacy HD1' (vista,win) add legacy
24:776  0:000   added 'Boot Windows from Legacy HD1' OSType=2 Icon=vista,win
24:776  0:000   3: 'Legacy HD2' (vista,win) add legacy
24:777  0:000   added 'Boot Windows from Legacy HD2' OSType=2 Icon=vista,win
24:777  0:000   4: 'Legacy HD3' (vista,win) add legacy
24:777  0:000   added 'Boot Windows from Legacy HD3' OSType=2 Icon=vista,win
24:777  0:000   6: 'EFI' (clover) add legacy
24:778  0:000   added 'Boot Clover from EFI' OSType=3 Icon=clover
24:778  0:000  === [ AddCustomTool ] =====================================
24:778  0:000  found tool \EFI\CLOVER\tools\Shell64U.efi
24:778  0:000  Checking EFI partition Volume 6 for Clover
24:778  0:000   Found Clover
24:778  0:000  === [ GetEfiBootDeviceFromNvram ] =========================
24:778  0:000  Default boot entry not found
24:778  0:000  DefaultIndex=-1 and MainMenu.EntryCount=11
25:679  0:901  BootVariable of the entry is empty
25:679  0:000  === [ StartLoader ] =======================================
25:679  0:000  Finally: Bus=99769kHz CPU=1896MHz
25:679  0:000  Loading boot.efi  status=Success
25:873  0:193  GetOSVersion: 10.12.3 (16D32)
25:873  0:000  CSR_CFG: CSR_ALLOW_UNTRUSTED_KEXTS | CSR_ALLOW_UNRESTRICTED_FS | CSR_ALLOW_TASK_FOR_PID | CSR_ALLOW_UNRESTRICTED_DTRACE | CSR_ALLOW_UNRESTRICTED_NVRAM
25:873  0:000  Filtering KextPatches:
25:873  0:000   - [00]: com.apple.driver.AppleIntelFramebufferAzul (Enable 9MB cursor bytes, 0x0a260006) :: BinPatch :: [OS: 10.12.3 | MatchOS: All | MatchBuild: All] ==> allowed
25:873  0:000   - [01]: com.apple.driver.AppleIntelFramebufferAzul (Enable 96MB DVMT-prealloc, 0x0a2e0008) :: BinPatch :: [OS: 10.12.3 | MatchOS: All | MatchBuild: All] ==> disabled by user
25:873  0:000   - [02]: com.apple.driver.AppleIntelFramebufferAzul (Enable 128MB DVMT-prealloc, 0x0a2e0008) :: BinPatch :: [OS: 10.12.3 | MatchOS: All | MatchBuild: All] ==> disabled by user
25:873  0:000   - [03]: com.apple.driver.AppleIntelFramebufferAzul (Enable 128MB DVMT-prealloc, 48MB framebuffer, 48MB cursor bytes, 0x0a260006) :: BinPatch :: [OS: 10.12.3 | MatchOS: All | MatchBuild: All] ==> disabled by user
25:873  0:000   - [04]: com.apple.driver.AppleIntelFramebufferAzul (HDMI-audio, port 0105, 0x0a260005 0x0a260006, 0x0d220003, 0x0a2e000a, 0x0a26000a) :: BinPatch :: [OS: 10.12.3 | MatchOS: All | MatchBuild: All] ==> disabled by user
25:873  0:000   - [05]: com.apple.driver.AppleIntelFramebufferAzul (HDMI-audio, port 0204, 0x0d220003, 0x0a2e000a, 0x0a26000a) :: BinPatch :: [OS: 10.12.3 | MatchOS: All | MatchBuild: All] ==> disabled by user
25:873  0:000   - [06]: com.apple.driver.AppleIntelFramebufferAzul (HDMI-audio, port 0204, 0x0a260005 0x0a260006) :: BinPatch :: [OS: 10.12.3 | MatchOS: All | MatchBuild: All] ==> disabled by user
25:873  0:000   - [07]: com.apple.driver.AppleIntelFramebufferAzul (HDMI-audio, port 0105, 0x0a2e0008, 0x0a16000c, 0x0a2e000d, 0x0a26000d) :: BinPatch :: [OS: 10.12.3 | MatchOS: All | MatchBuild: All] ==> disabled by user
25:873  0:000   - [08]: com.apple.driver.AppleIntelFramebufferAzul (HDMI-audio, port 0204, 0x0a2e0008, 0x0a16000c, 0x0a2e000d, 0x0a26000d) :: BinPatch :: [OS: 10.12.3 | MatchOS: All | MatchBuild: All] ==> disabled by user
25:873  0:000   - [09]: com.apple.driver.AppleIntelFramebufferAzul (Enable internal display after sleep for 0x0a2e0008, credit syscl/lighting/Yating Zhou) :: BinPatch :: [OS: 10.12.3 | MatchOS: All | MatchBuild: All] ==> disabled by user
25:873  0:000   - [10]: AppleIntelFramebufferAzul (Enable internal display after sleep for 0x0a2e000a, 0x0a26000a) :: BinPatch :: [OS: 10.12.3 | MatchOS: All | MatchBuild: All] ==> disabled by user
25:873  0:000   - [11]: com.apple.driver.AppleIntelFramebufferAzul (HDMI-audio, port 0105(12), 0x0a260005 0x0a260006, 0x0d220003, 0x0a2e000a, 0x0a26000a) :: BinPatch :: [OS: 10.12.3 | MatchOS: All | MatchBuild: All] ==> disabled by user
25:873  0:000   - [12]: com.apple.driver.AppleIntelFramebufferAzul (HDMI-audio, port 0204(12), 0x0d220003, 0x0a2e000a, 0x0a26000a) :: BinPatch :: [OS: 10.12.3 | MatchOS: All | MatchBuild: All] ==> disabled by user
25:873  0:000   - [13]: com.apple.driver.AppleIntelFramebufferAzul (HDMI-audio, port 0204(12), 0x0a260005 0x0a260006) :: BinPatch :: [OS: 10.12.3 | MatchOS: All | MatchBuild: All] ==> disabled by user
25:873  0:000   - [14]: com.apple.driver.AppleIntelFramebufferAzul (HDMI-audio, port 0105(12), 0x0a2e0008, 0x0a16000c, 0x0a2e000d, 0x0a26000d) :: BinPatch :: [OS: 10.12.3 | MatchOS: All | MatchBuild: All] ==> disabled by user
25:873  0:000   - [15]: com.apple.driver.AppleIntelFramebufferAzul (HDMI-audio, port 0204(12), 0x0a2e0008, 0x0a16000c, 0x0a2e000d, 0x0a26000d) :: BinPatch :: [OS: 10.12.3 | MatchOS: All | MatchBuild: All] ==> disabled by user
25:873  0:000  === [ PatchSmbios ] =======================================
25:873  0:000  insert table 9 for dev 19:0
25:873  0:000  insert table 9 for dev 0:0
25:874  0:001  Trusting SMBIOS...
25:874  0:000  Channels: 1
25:874  0:000  Interleave: 0 1 2 3 4 5 6 7 8 9 10 11 12 13 14 15 16 17 18 19 20 21 22 23
25:874  0:000   partNum=HMT451S6BFR8A-PB  
25:874  0:000  SMBIOS Type 17 Index = 0 => 0 0:
25:874  0:000  BANK0 DIMM0 1600MHz 4096MB
25:874  0:000  SMBIOS Type 17 Index = 1 => 1 1:
25:874  0:000  BANK0 DIMM1 EMPTY
25:874  0:000  mTotalSystemMemory = 4096
25:874  0:000  NumberOfMemoryDevices = 2
25:874  0:000  Type20[0]->End = 0x3FFFFF, Type17[0] = 0x1000
25:874  0:000  Table 131 is present, CPUType=31
25:874  0:000  Change to: 905
25:874  0:000  === [ PatchACPI ] =========================================
25:874  0:000  RSDT 0xD8FDA028
25:874  0:000  FADT from RSDT: 0xD8FDA128
25:874  0:000  XSDT 0xD8FDA088
25:874  0:000  FADT from XSDT: 0xD8FE9258
25:874  0:000  Xsdt reallocation done
25:874  0:000  old FADT length=10C
25:875  0:000  Apply DsdtFixMask=0x00000000
25:875  0:000     drop _DSM mask=0xFFFF
25:875  0:000  === [ FixBiosDsdt ] =======================================
25:875  0:000  VideoCard devID=0xA168086
25:875  0:000  DisplayADR1[0] = 0x20000, DisplayADR2[0] = 0xFFFE
25:875  0:000  USBADR[0] = 0x140000 and PCIe = 0xFFFE
25:877  0:001  Found Airport Atheros at 0x1C0003, 0x0, DeviceID=0x0032
25:877  0:000  USBADR[1] = 0x1D0000 and PCIe = 0xFFFE
25:877  0:000  Patching DSDT:
25:877  0:000   - [change _OSI to XOSI]: - [change EHC1 to EH01]: pattern 45484331, patched at: [ (49D2) (5088) (53) (12) (4C4) (4C45) ]
25:877  0:000   - [change EHC2 to EH02]: pattern 45484332, patched at: [ (51C1) (48AE) (6A) (12) (48) (12) (50BD) ]
25:877  0:000  first CPU found at 944F offset 9453
25:877  0:000  score candidate at 944B
25:877  0:000  score inserted in acpi_cpu_score _PR_
25:877  0:000  Found ACPI CPU: CPU0 | CPU1 | CPU2 | CPU3 | CPU4 | CPU5 | CPU6 | CPU7 , within the score: _PR_
25:877  0:000  Found PCIROOTUID = 0
25:877  0:000  === [ ACPIDropTables ] ====================================
25:877  0:000  Drop tables from Xsdt, SIGN=DMAR TableID=HSW  Length=320
25:877  0:000   Xsdt has tables count=14
25:877  0:000   Table: DMAR  HSW   320 dropped
25:877  0:000  === [ PatchAllSSDT ] ======================================
25:877  0:000  Patch table: SSDT  sensrhub len=0x228
25:877  0:000  0. [change _OSI to XOSI]:1. [change EHC1 to EH01]: pattern 45484331, bin not found / already patched!
25:877  0:000  2. [change EHC2 to EH02]: pattern 45484332, bin not found / already patched!
25:877  0:000  Patch table: SSDT  zpoddult len=0x121
25:877  0:000  0. [change _OSI to XOSI]:1. [change EHC1 to EH01]: pattern 45484331, bin not found / already patched!
25:877  0:000  2. [change EHC2 to EH02]: pattern 45484332, bin not found / already patched!
25:877  0:000  Patch table: SSDT  Cpu0Ist len=0x4DD
25:877  0:000  0. [change _OSI to XOSI]:1. [change EHC1 to EH01]: pattern 45484331, bin not found / already patched!
25:877  0:000  2. [change EHC2 to EH02]: pattern 45484332, bin not found / already patched!
25:877  0:000  Patch table: SSDT  CpuPm len=0xAD8
25:877  0:000  0. [change _OSI to XOSI]:1. [change EHC1 to EH01]: pattern 45484331, bin not found / already patched!
25:877  0:000  2. [change EHC2 to EH02]: pattern 45484332, bin not found / already patched!
25:877  0:000  Patch table: SSDT  SataTabl len=0x455
25:877  0:000  0. [change _OSI to XOSI]:1. [change EHC1 to EH01]: pattern 45484331, bin not found / already patched!
25:877  0:000  2. [change EHC2 to EH02]: pattern 45484332, bin not found / already patched!
25:877  0:000  Drop tables from Xsdt, SIGN=XXXX TableID= Length=0
25:877  0:000   Xsdt has tables count=13
25:878  0:000  CPUBase=0 and ApicCPUBase=1 ApicCPUNum=4
25:878  0:000  === [ RestSetup macOS ] ===================================
25:878  0:000  EdidDiscovered size=128
25:878  0:000  000  |  00  FF  FF  FF  FF  FF  FF  00  4C  83
25:878  0:000  010  |  41  54  00  00  00  00  00  16  01  04
25:878  0:000  020  |  90  1F  11  78  0A  4B  C5  9C  57  54
25:878  0:000  030  |  8C  27  17  50  54  00  00  00  01  01
25:878  0:000  040  |  01  01  01  01  01  01  01  01  01  01
25:878  0:000  050  |  01  01  01  01  8A  1B  56  5A  50  00
25:878  0:000  060  |  27  30  30  20  55  00  35  AE  10  00
25:878  0:000  070  |  00  1A  5C  12  56  5A  50  00  27  30
25:878  0:000  080  |  30  20  55  00  35  AE  10  00  00  1A
25:878  0:000  090  |  00  00  00  FE  00  39  33  56  34  48
25:878  0:000  100  |  80  31  34  30  41  54  0A  20  00  00
25:878  0:000  110  |  00  00  00  00  41  21  94  00  10  00
25:878  0:000  120  |  00  01  01  0A  20  20  00  E9
25:878  0:000  Intel Intel HD Graphics 4400 [8086:0A16] :: PcieRoot(0x0)\Pci(0x2,0x0)
25:878  0:000  Intel GFX revision  =0xB
25:880  0:002  stringlength = 2214
25:880  0:000  CurrentMode: Width=1366 Height=768
25:880  0:000  Beginning FSInjection
FSInjectionInstall ...
- Our FSI_SIMPLE_FILE_SYSTEM_PROTOCOL installed on handle: CE8A2898
FSInjectionInstall ...
- Our FSI_SIMPLE_FILE_SYSTEM_PROTOCOL installed on handle: CE8A2898
25:893  0:013  Use origin smbios table type 1 guid.
25:893  0:000  MSR 0x1B0   set to        00000000
25:894  0:000    Force kext: System\Library\Extensions\IONetworkingFamily.kext
26:028  0:133      Force PlugIn kext: System\Library\Extensions\IONetworkingFamily.kext\Contents\PlugIns\AppleBCM5701Ethernet.kext
26:136  0:108      Force PlugIn kext: System\Library\Extensions\IONetworkingFamily.kext\Contents\PlugIns\AppleIntel8254XEthernet.kext
26:205  0:069      Force PlugIn kext: System\Library\Extensions\IONetworkingFamily.kext\Contents\PlugIns\AppleIntelI210Ethernet.kext
26:268  0:062      Force PlugIn kext: System\Library\Extensions\IONetworkingFamily.kext\Contents\PlugIns\AppleVmxnet3Ethernet.kext
26:321  0:052      Force PlugIn kext: System\Library\Extensions\IONetworkingFamily.kext\Contents\PlugIns\AppleYukon2.kext
26:402  0:081      Force PlugIn kext: System\Library\Extensions\IONetworkingFamily.kext\Contents\PlugIns\Intel82574L.kext
26:461  0:059      Force PlugIn kext: System\Library\Extensions\IONetworkingFamily.kext\Contents\PlugIns\IOEthernetAVBController.kext
26:514  0:052      Force PlugIn kext: System\Library\Extensions\IONetworkingFamily.kext\Contents\PlugIns\mDNSOffloadUserClient.kext
26:575  0:060      Force PlugIn kext: System\Library\Extensions\IONetworkingFamily.kext\Contents\PlugIns\nvenet.kext
26:630  0:054  Preparing kexts injection for arch=x86_64 from EFI\CLOVER\kexts\Other
26:630  0:000    Extra kext: EFI\CLOVER\kexts\Other\FakeSMC.kext
26:673  0:043      Extra PlugIn kext: EFI\CLOVER\kexts\Other\FakeSMC.kext\Contents\PlugIns\HWInfo.kext
26:700  0:027    Extra kext: EFI\CLOVER\kexts\Other\VoodooPS2Controller.kext
26:717  0:016      Extra PlugIn kext: EFI\CLOVER\kexts\Other\VoodooPS2Controller.kext\Contents\PlugIns\VoodooPS2Keyboard.kext
26:762  0:045      Extra PlugIn kext: EFI\CLOVER\kexts\Other\VoodooPS2Controller.kext\Contents\PlugIns\VoodooPS2Mouse.kext
26:781  0:018      Extra PlugIn kext: EFI\CLOVER\kexts\Other\VoodooPS2Controller.kext\Contents\PlugIns\VoodooPS2Trackpad.kext
26:822  0:040  Preparing kexts injection for arch=x86_64 from EFI\CLOVER\kexts\10.12
26:822  0:000    Extra kext: EFI\CLOVER\kexts\10.12\FakeSMC.kext
26:870  0:048    Extra kext: EFI\CLOVER\kexts\10.12\FakePCIID_Intel_HD_Graphics.kext
26:880  0:009  Custom boot screen not used because entry has unset use graphics
26:880  0:000  Closing log
